<?xml version="1.0" encoding="UTF-8"?>
<testsuite xmlns:xsi="http://www.w3.org/2001/XMLSchema-instance" xsi:noNamespaceSchemaLocation="https://maven.apache.org/surefire/maven-surefire-plugin/xsd/surefire-test-report.xsd" version="3.0.1" name="com.example.BinarySearchTest" time="0.031" tests="5" errors="0" skipped="0" failures="0">
  <properties>
[...]
</properties>
  <testcase name="testEmptyArray" classname="com.example.BinarySearchTest" time="0.015"/>
  <testcase name="testFirstElement" classname="com.example.BinarySearchTest" time="0.0"/>
  <testcase name="testLastElement" classname="com.example.BinarySearchTest" time="0.0"/>
  <testcase name="testElementFound" classname="com.example.BinarySearchTest" time="0.0"/>
  <testcase name="testElementNotFound" classname="com.example.BinarySearchTest" time="0.0"/>
</testsuite>